Traceback (most recent call last):
  File "/Users/altuntas/miniconda3/envs/r3sw/lib/python3.12/site-packages/jupyter_core/utils/__init__.py", line 154, in wrapped
    asyncio.get_running_loop()
RuntimeError: no running event loop

During handling of the above exception, another exception occurred:

Traceback (most recent call last):
  File "/Users/altuntas/miniconda3/envs/r3sw/lib/python3.12/site-packages/jupyter_cache/executors/utils.py", line 58, in single_nb_execution
    executenb(
  File "/Users/altuntas/miniconda3/envs/r3sw/lib/python3.12/site-packages/nbclient/client.py", line 1319, in execute
    return NotebookClient(nb=nb, resources=resources, km=km, **kwargs).execute()
           ^^^^^^^^^^^^^^^^^^^^^^^^^^^^^^^^^^^^^^^^^^^^^^^^^^^^^^^^^^^^^^^^^^^^^
  File "/Users/altuntas/miniconda3/envs/r3sw/lib/python3.12/site-packages/jupyter_core/utils/__init__.py", line 158, in wrapped
    return loop.run_until_complete(inner)
           ^^^^^^^^^^^^^^^^^^^^^^^^^^^^^^
  File "/Users/altuntas/miniconda3/envs/r3sw/lib/python3.12/asyncio/base_events.py", line 691, in run_until_complete
    return future.result()
           ^^^^^^^^^^^^^^^
  File "/Users/altuntas/miniconda3/envs/r3sw/lib/python3.12/site-packages/nbclient/client.py", line 709, in async_execute
    await self.async_execute_cell(
  File "/Users/altuntas/miniconda3/envs/r3sw/lib/python3.12/site-packages/nbclient/client.py", line 1062, in async_execute_cell
    await self._check_raise_for_error(cell, cell_index, exec_reply)
  File "/Users/altuntas/miniconda3/envs/r3sw/lib/python3.12/site-packages/nbclient/client.py", line 918, in _check_raise_for_error
    raise CellExecutionError.from_cell_and_msg(cell, exec_reply_content)
nbclient.exceptions.CellExecutionError: An error occurred while executing the following cell:
------------------
main()
------------------


[31m---------------------------------------------------------------------------[39m
[31mNameError[39m                                 Traceback (most recent call last)
[36mCell[39m[36m [39m[32mIn[2][39m[32m, line 1[39m
[32m----> [39m[32m1[39m [43mmain[49m[43m([49m[43m)[49m

[36mCell[39m[36m [39m[32mIn[1][39m[32m, line 7[39m, in [36mmain[39m[34m(out_dir, seed)[39m
[32m      6[39m [38;5;28;01mdef[39;00m[38;5;250m [39m[34mmain[39m(out_dir=[33m"[39m[33m.[39m[33m"[39m, seed=[32m42[39m):
[32m----> [39m[32m7[39m     rng = [43mnp[49m.random.default_rng(seed)
[32m      9[39m     out_dir = Path(out_dir)
[32m     10[39m     out_dir.mkdir(parents=[38;5;28;01mTrue[39;00m, exist_ok=[38;5;28;01mTrue[39;00m)

[31mNameError[39m: name 'np' is not defined

